This is pdfTeX, Version 3.141592653-2.6-1.40.22 (TeX Live 2022/dev/Debian) (preloaded format=pdflatex 2024.1.5)  8 JAN 2024 10:16
entering extended mode
 restricted \write18 enabled.
 %&-line parsing enabled.
**main.tex
(./main.tex
LaTeX2e <2021-11-15> patch level 1
L3 programming layer <2022-01-21>

! LaTeX Error: File `Fixos/preambulo.tex' not found.

Type X to quit or <RETURN> to proceed,
or enter new name. (Default extension: tex)

Enter file name: 
(/usr/share/texlive/texmf-dist/tex/latex/tools/.tex File ignored)

! LaTeX Error: \usepackage before \documentclass.

See the LaTeX manual or LaTeX Companion for explanation.
Type  H <return>  for immediate help.
 ...                                              
                                                  
l.7 \usepackage{
                blindtext}
? 
(/usr/share/texlive/texmf-dist/tex/latex/l3backend/l3backend-pdftex.def
File: l3backend-pdftex.def 2022-01-12 L3 backend support: PDF output (pdfTeX)
\l__color_backend_stack_int=\count185
\l__pdf_internal_box=\box50
)
No file main.aux.
\openout1 = `main.aux'.

LaTeX Font Info:    Checking defaults for OML/cmm/m/it on input line 8.
LaTeX Font Info:    ... okay on input line 8.
LaTeX Font Info:    Checking defaults for OMS/cmsy/m/n on input line 8.
LaTeX Font Info:    ... okay on input line 8.
LaTeX Font Info:    Checking defaults for OT1/cmr/m/n on input line 8.
LaTeX Font Info:    ... okay on input line 8.
LaTeX Font Info:    Checking defaults for T1/cmr/m/n on input line 8.
LaTeX Font Info:    ... okay on input line 8.
LaTeX Font Info:    Checking defaults for TS1/cmr/m/n on input line 8.
LaTeX Font Info:    ... okay on input line 8.
LaTeX Font Info:    Checking defaults for OMX/cmex/m/n on input line 8.
LaTeX Font Info:    ... okay on input line 8.
LaTeX Font Info:    Checking defaults for U/cmr/m/n on input line 8.
LaTeX Font Info:    ... okay on input line 8.

! LaTeX Error: The font size command \normalsize is not defined:
               there is probably something wrong with the class file.

See the LaTeX manual or LaTeX Companion for explanation.
Type  H <return>  for immediate help.
 ...                                              
                                                  
l.8 \begin{document}
                    
? 

! LaTeX Error: Environment titlepage undefined.

See the LaTeX manual or LaTeX Companion for explanation.
Type  H <return>  for immediate help.
 ...                                              
                                                  
l.10 \begin{titlepage}
                      
? 
! Undefined control sequence.
<recently read> \Huge 
                      
l.12 ...f{\Huge Processo Seletivo Extraordinário}
                                                  \\ [0.8cm]
? 
! Undefined control sequence.
<recently read> \Large 
                       
l.13 \textbf{\Large Luis Eduardo C. M. de Lima}
                                               \\[0.3cm]  %%% SUBTÍTULO (se...

? 
! Undefined control sequence.
<recently read> \Large 
                       
l.14 \textbf{\Large 2022-01}
                            \\
? 
! Undefined control sequence.
l.26 \includegraphics
                     [width=120pt,right]{Fixos/imagens/Logo_EDRA - Atual.png}
? 
! Missing $ inserted.
<inserted text> 
                $
l.26 ...ics[width=120pt,right]{Fixos/imagens/Logo_
                                                  EDRA - Atual.png}
? 
LaTeX Font Info:    External font `cmex10' loaded for size
(Font)              <7> on input line 26.
LaTeX Font Info:    External font `cmex10' loaded for size
(Font)              <5> on input line 26.
! Extra }, or forgotten $.
l.26 ...ight]{Fixos/imagens/Logo_EDRA - Atual.png}
                                                  
? 
! Missing $ inserted.
<inserted text> 
                $
l.27 
     
? 

! LaTeX Error: The font size command \normalsize is not defined:
               there is probably something wrong with the class file.

See the LaTeX manual or LaTeX Companion for explanation.
Type  H <return>  for immediate help.
 ...                                              
                                                  
l.31 {{\normalsize
                   Brasília}\\  %%% CIDADE
? 

! LaTeX Error: The font size command \normalsize is not defined:
               there is probably something wrong with the class file.

See the LaTeX manual or LaTeX Companion for explanation.
Type  H <return>  for immediate help.
 ...                                              
                                                  
l.32 {\normalsize
                  22 de setembro de 2022}}  %%% DATA
? 

! LaTeX Error: \begin{document} ended by \end{titlepage}.

See the LaTeX manual or LaTeX Companion for explanation.
Type  H <return>  for immediate help.
 ...                                              
                                                  
l.34 \end{titlepage}
                    
? 
! Missing } inserted.
<inserted text> 
                }
l.34 \end{titlepage}
                    
? 

! LaTeX Error: The font size command \normalsize is not defined:
               there is probably something wrong with the class file.

See the LaTeX manual or LaTeX Companion for explanation.
Type  H <return>  for immediate help.
 ...                                              
                                                  
l.36 \newpage
             
? 
[1{/var/lib/texmf/fonts/map/pdftex/updmap/pdftex.map}]

! LaTeX Error: File `Editáveis/00contra_capa.tex' not found.

Type X to quit or <RETURN> to proceed,
or enter new name. (Default extension: tex)

Enter file name: 
(/usr/share/texlive/texmf-dist/tex/latex/tools/.tex File ignored)

! LaTeX Error: Command \contentsname undefined.

See the LaTeX manual or LaTeX Companion for explanation.
Type  H <return>  for immediate help.
 ...                                              
                                                  
l.41 \renewcommand{\contentsname}
                                 {\centering Sumário}
? 
! Undefined control sequence.
l.42 \tableofcontents
                     
? 

! LaTeX Error: File `Editáveis/01intro.tex' not found.

Type X to quit or <RETURN> to proceed,
or enter new name. (Default extension: tex)

Enter file name: 
(/usr/share/texlive/texmf-dist/tex/latex/tools/.tex File ignored)

! LaTeX Error: File `Editáveis/02desenvolv.tex' not found.

Type X to quit or <RETURN> to proceed,
or enter new name. (Default extension: tex)

Enter file name: 
(/usr/share/texlive/texmf-dist/tex/latex/tools/.tex File ignored)

! LaTeX Error: File `Editáveis/03conclusao.tex' not found.

Type X to quit or <RETURN> to proceed,
or enter new name. (Default extension: tex)

Enter file name: 
(/usr/share/texlive/texmf-dist/tex/latex/tools/.tex File ignored)

! LaTeX Error: File `Editáveis/04apendices.tex' not found.

Type X to quit or <RETURN> to proceed,
or enter new name. (Default extension: tex)

Enter file name: 
(/usr/share/texlive/texmf-dist/tex/latex/tools/.tex File ignored)

! LaTeX Error: File `Editáveis/05anexos.tex' not found.

Type X to quit or <RETURN> to proceed,
or enter new name. (Default extension: tex)

Enter file name: 
(/usr/share/texlive/texmf-dist/tex/latex/tools/.tex File ignored) (./main.aux) 
) 
Here is how much of TeX's memory you used:
 236 strings out of 478287
 6234 string characters out of 5849290
 294815 words of memory out of 5000000
 18500 multiletter control sequences out of 15000+600000
 469567 words of font info for 29 fonts, out of 8000000 for 9000
 1141 hyphenation exceptions out of 8191
 24i,5n,34p,133b,124s stack positions out of 5000i,500n,10000p,200000b,80000s
</usr/share/texlive/texmf-dist/fonts/type1/public/amsfonts/cm/cmbx10.pfb></usr
/share/texlive/texmf-dist/fonts/type1/public/amsfonts/cm/cmmi10.pfb></usr/share
/texlive/texmf-dist/fonts/type1/public/amsfonts/cm/cmmi7.pfb></usr/share/texliv
e/texmf-dist/fonts/type1/public/amsfonts/cm/cmr10.pfb></usr/share/texlive/texmf
-dist/fonts/type1/public/amsfonts/cm/cmsy10.pfb>
Output written on main.pdf (1 page, 57610 bytes).
PDF statistics:
 33 PDF objects out of 1000 (max. 8388607)
 19 compressed objects within 1 object stream
 0 named destinations out of 1000 (max. 500000)
 1 words of extra memory for PDF output out of 10000 (max. 10000000)

